<?xml version="1.0" encoding="UTF-8"?>
<!-- Generated by org.testng.reporters.JUnitXMLReporter -->
<testsuite hostname="DESKTOP-36871UL" name="Command line test" tests="10" failures="0" timestamp="22 Sep 2017 18:11:16 GMT" time="2.033" errors="0">
  <testcase name="FirstGroup" time="0.0" classname="first.ng.lesson.GroupTest"/>
  <testcase name="SecondGroup" time="0.0" classname="first.ng.lesson.GroupTest"/>
  <testcase name="FirstTest" time="0.0" classname="first.ng.lesson.ParamsTest"/>
  <testcase name="FirstTest" time="0.0" classname="first.ng.lesson.ParamsTest"/>
  <testcase name="FirstTest" time="0.0" classname="first.ng.lesson.TestNgDemo"/>
  <testcase name="SecondTest" time="0.0" classname="first.ng.lesson.TestNgDemo"/>
  <testcase name="TimeOuttest" time="1.001" classname="first.ng.lesson.TestNgDemo"/>
  <testcase name="FirstTest" time="0.0" classname="first.ng.lesson.TestNgDemo2"/>
  <testcase name="SecondTest" time="0.0" classname="first.ng.lesson.TestNgDemo2"/>
  <testcase name="TimeOuttest" time="1.0" classname="first.ng.lesson.TestNgDemo2"/>
</testsuite> <!-- Command line test -->
