<?xml version="1.0" encoding="UTF-8"?>
<!-- Generated by org.testng.reporters.JUnitXMLReporter -->
<testsuite hostname="DESKTOP-36871UL" name="testingtestng" tests="6" failures="0" timestamp="22 Sep 2017 17:23:07 GMT" time="2.042" errors="0">
  <testcase name="FirstTest" time="0.0" classname="first.ng.lesson.TestNgDemo"/>
  <testcase name="SecondTest" time="0.0" classname="first.ng.lesson.TestNgDemo"/>
  <testcase name="TimeOuttest" time="1.008" classname="first.ng.lesson.TestNgDemo"/>
  <testcase name="FirstTest" time="0.0" classname="first.ng.lesson.TestNgDemo2"/>
  <testcase name="SecondTest" time="0.0" classname="first.ng.lesson.TestNgDemo2"/>
  <testcase name="TimeOuttest" time="1.003" classname="first.ng.lesson.TestNgDemo2"/>
</testsuite> <!-- testingtestng -->
